# JRE version: Java(TM) SE Runtime Environment (17.0.10+11) (build 17.0.10+11-LTS-240)
# Java VM: Java HotSpot(TM) 64-Bit Server VM (17.0.10+11-LTS-240, mixed mode, sharing, tiered, compressed oops, compressed class ptrs, g1 gc, windows-amd64)
GC Precious Log:
 CPUs: 8 total, 8 available
 Memory: 15970M
 Large Page Support: Disabled
 NUMA Support: Disabled
 Compressed Oops: Enabled (32-bit)
 Heap Region Size: 1M
 Heap Min Capacity: 8M
 Heap Initial Capacity: 250M
 Heap Max Capacity: 2G
 Pre-touch: Disabled
 Parallel Workers: 8
 Concurrent Workers: 2
 Concurrent Refinement Workers: 8
 Periodic GC: Disabled
Heap:
 garbage-first heap   total 279552K, used 126367K [0x0000000080000000, 0x0000000100000000)
  region size 1024K, 41 young (41984K), 11 survivors (11264K)
 Metaspace       used 86244K, committed 87168K, reserved 557056K
  class space    used 12193K, committed 12608K, reserved 425984K
GC Heap History (20 events):
Event: 36.574 GC heap before
{Heap before GC invocations=33 (full 0):
 garbage-first heap   total 138240K, used 74349K [0x0000000080000000, 0x0000000100000000)
  region size 1024K, 8 young (8192K), 2 survivors (2048K)
 Metaspace       used 64834K, committed 65536K, reserved 491520K
  class space    used 9224K, committed 9536K, reserved 425984K
}
Event: 36.577 GC heap after
{Heap after GC invocations=34 (full 0):
 garbage-first heap   total 138240K, used 73599K [0x0000000080000000, 0x0000000100000000)
  region size 1024K, 6 young (6144K), 6 survivors (6144K)
 Metaspace       used 64834K, committed 65536K, reserved 491520K
  class space    used 9224K, committed 9536K, reserved 425984K
}
Event: 36.851 GC heap before
{Heap before GC invocations=35 (full 0):
 garbage-first heap   total 138240K, used 98175K [0x0000000080000000, 0x0000000100000000)
  region size 1024K, 29 young (29696K), 6 survivors (6144K)
 Metaspace       used 66317K, committed 67136K, reserved 491520K
  class space    used 9413K, committed 9792K, reserved 425984K
}
Event: 36.854 GC heap after
{Heap after GC invocations=36 (full 0):
 garbage-first heap   total 138240K, used 76644K [0x0000000080000000, 0x0000000100000000)
  region size 1024K, 3 young (3072K), 3 survivors (3072K)
 Metaspace       used 66317K, committed 67136K, reserved 491520K
  class space    used 9413K, committed 9792K, reserved 425984K
}
Event: 37.149 GC heap before
{Heap before GC invocations=36 (full 0):
 garbage-first heap   total 138240K, used 100196K [0x0000000080000000, 0x0000000100000000)
  region size 1024K, 27 young (27648K), 3 survivors (3072K)
 Metaspace       used 68518K, committed 69248K, reserved 491520K
  class space    used 9637K, committed 9984K, reserved 425984K
}
Event: 37.152 GC heap after
{Heap after GC invocations=37 (full 0):
 garbage-first heap   total 138240K, used 77546K [0x0000000080000000, 0x0000000100000000)
  region size 1024K, 1 young (1024K), 1 survivors (1024K)
 Metaspace       used 68518K, committed 69248K, reserved 491520K
  class space    used 9637K, committed 9984K, reserved 425984K
}
Event: 37.556 GC heap before
{Heap before GC invocations=38 (full 0):
 garbage-first heap   total 138240K, used 106218K [0x0000000080000000, 0x0000000100000000)
  region size 1024K, 26 young (26624K), 1 survivors (1024K)
 Metaspace       used 70702K, committed 71424K, reserved 491520K
  class space    used 9903K, committed 10240K, reserved 425984K
}
Event: 37.561 GC heap after
{Heap after GC invocations=39 (full 0):
 garbage-first heap   total 138240K, used 85053K [0x0000000080000000, 0x0000000100000000)
  region size 1024K, 4 young (4096K), 4 survivors (4096K)
 Metaspace       used 70702K, committed 71424K, reserved 491520K
  class space    used 9903K, committed 10240K, reserved 425984K
}
Event: 37.577 GC heap before
{Heap before GC invocations=39 (full 0):
 garbage-first heap   total 138240K, used 86077K [0x0000000080000000, 0x0000000100000000)
  region size 1024K, 6 young (6144K), 4 survivors (4096K)
 Metaspace       used 70711K, committed 71424K, reserved 491520K
  class space    used 9903K, committed 10240K, reserved 425984K
}
Event: 37.582 GC heap after
{Heap after GC invocations=40 (full 0):
 garbage-first heap   total 138240K, used 86413K [0x0000000080000000, 0x0000000100000000)
  region size 1024K, 1 young (1024K), 1 survivors (1024K)
 Metaspace       used 70711K, committed 71424K, reserved 491520K
  class space    used 9903K, committed 10240K, reserved 425984K
}
Event: 37.584 GC heap before
{Heap before GC invocations=40 (full 0):
 garbage-first heap   total 138240K, used 86413K [0x0000000080000000, 0x0000000100000000)
  region size 1024K, 2 young (2048K), 1 survivors (1024K)
 Metaspace       used 70711K, committed 71424K, reserved 491520K
  class space    used 9903K, committed 10240K, reserved 425984K
}
Event: 37.587 GC heap after
{Heap after GC invocations=41 (full 0):
 garbage-first heap   total 138240K, used 86742K [0x0000000080000000, 0x0000000100000000)
  region size 1024K, 2 young (2048K), 2 survivors (2048K)
 Metaspace       used 70711K, committed 71424K, reserved 491520K
  class space    used 9903K, committed 10240K, reserved 425984K
}
Event: 37.900 GC heap before
{Heap before GC invocations=42 (full 0):
 garbage-first heap   total 160768K, used 108246K [0x0000000080000000, 0x0000000100000000)
  region size 1024K, 21 young (21504K), 2 survivors (2048K)
 Metaspace       used 71879K, committed 72576K, reserved 491520K
  class space    used 10064K, committed 10368K, reserved 425984K
}
Event: 37.903 GC heap after
{Heap after GC invocations=43 (full 0):
 garbage-first heap   total 160768K, used 88344K [0x0000000080000000, 0x0000000100000000)
  region size 1024K, 2 young (2048K), 2 survivors (2048K)
 Metaspace       used 71879K, committed 72576K, reserved 491520K
  class space    used 10064K, committed 10368K, reserved 425984K
}
Event: 38.505 GC heap before
{Heap before GC invocations=43 (full 0):
 garbage-first heap   total 160768K, used 120088K [0x0000000080000000, 0x0000000100000000)
  region size 1024K, 33 young (33792K), 2 survivors (2048K)
 Metaspace       used 74066K, committed 74752K, reserved 491520K
  class space    used 10337K, committed 10688K, reserved 425984K
}
Event: 38.510 GC heap after
{Heap after GC invocations=44 (full 0):
 garbage-first heap   total 279552K, used 89941K [0x0000000080000000, 0x0000000100000000)
  region size 1024K, 4 young (4096K), 4 survivors (4096K)
 Metaspace       used 74066K, committed 74752K, reserved 491520K
  class space    used 10337K, committed 10688K, reserved 425984K
}
Event: 48.473 GC heap before
{Heap before GC invocations=45 (full 0):
 garbage-first heap   total 279552K, used 186197K [0x0000000080000000, 0x0000000100000000)
  region size 1024K, 101 young (103424K), 4 survivors (4096K)
 Metaspace       used 78442K, committed 79168K, reserved 557056K
  class space    used 10940K, committed 11264K, reserved 425984K
}
Event: 48.488 GC heap after
{Heap after GC invocations=46 (full 0):
 garbage-first heap   total 279552K, used 92012K [0x0000000080000000, 0x0000000100000000)
  region size 1024K, 10 young (10240K), 10 survivors (10240K)
 Metaspace       used 78442K, committed 79168K, reserved 557056K
  class space    used 10940K, committed 11264K, reserved 425984K
}
Event: 51.055 GC heap before
{Heap before GC invocations=46 (full 0):
 garbage-first heap   total 279552K, used 197484K [0x0000000080000000, 0x0000000100000000)
  region size 1024K, 112 young (114688K), 10 survivors (10240K)
 Metaspace       used 85381K, committed 86144K, reserved 557056K
  class space    used 12068K, committed 12416K, reserved 425984K
}
Event: 51.067 GC heap after
{Heap after GC invocations=47 (full 0):
 garbage-first heap   total 279552K, used 96671K [0x0000000080000000, 0x0000000100000000)
  region size 1024K, 11 young (11264K), 11 survivors (11264K)
 Metaspace       used 85381K, committed 86144K, reserved 557056K
  class space    used 12068K, committed 12416K, reserved 425984K
}

