# JRE version: Java(TM) SE Runtime Environment 18.9 (11.0.17+10) (build 11.0.17+10-LTS-269)
# Java VM: Java HotSpot(TM) 64-Bit Server VM 18.9 (11.0.17+10-LTS-269, mixed mode, tiered, compressed oops, g1 gc, windows-amd64)
Heap:
 garbage-first heap   total 256000K, used 98918K [0x0000000080000000, 0x0000000100000000)
  region size 1024K, 62 young (63488K), 17 survivors (17408K)
 Metaspace       used 70183K, capacity 72325K, committed 72520K, reserved 579584K
  class space    used 9333K, capacity 10225K, committed 10240K, reserved 516096K
GC Heap History (10 events):
Event: 8.886 GC heap before
{Heap before GC invocations=4 (full 0):
 garbage-first heap   total 256000K, used 83145K [0x0000000080000000, 0x0000000100000000)
  region size 1024K, 65 young (66560K), 3 survivors (3072K)
 Metaspace       used 34756K, capacity 35570K, committed 35708K, reserved 548864K
  class space    used 4528K, capacity 4845K, committed 4864K, reserved 516096K
}
Event: 8.896 GC heap after
{Heap after GC invocations=5 (full 0):
 garbage-first heap   total 256000K, used 23594K [0x0000000080000000, 0x0000000100000000)
  region size 1024K, 6 young (6144K), 6 survivors (6144K)
 Metaspace       used 34756K, capacity 35570K, committed 35708K, reserved 548864K
  class space    used 4528K, capacity 4845K, committed 4864K, reserved 516096K
}
Event: 26.493 GC heap before
{Heap before GC invocations=6 (full 0):
 garbage-first heap   total 256000K, used 138282K [0x0000000080000000, 0x0000000100000000)
  region size 1024K, 115 young (117760K), 6 survivors (6144K)
 Metaspace       used 43231K, capacity 44442K, committed 44744K, reserved 555008K
  class space    used 5489K, capacity 5963K, committed 6016K, reserved 516096K
}
Event: 26.510 GC heap after
{Heap after GC invocations=7 (full 0):
 garbage-first heap   total 256000K, used 31974K [0x0000000080000000, 0x0000000100000000)
  region size 1024K, 14 young (14336K), 14 survivors (14336K)
 Metaspace       used 43231K, capacity 44442K, committed 44744K, reserved 555008K
  class space    used 5489K, capacity 5963K, committed 6016K, reserved 516096K
}
Event: 29.019 GC heap before
{Heap before GC invocations=7 (full 0):
 garbage-first heap   total 256000K, used 166118K [0x0000000080000000, 0x0000000100000000)
  region size 1024K, 139 young (142336K), 14 survivors (14336K)
 Metaspace       used 53024K, capacity 54516K, committed 54856K, reserved 565248K
  class space    used 6923K, capacity 7557K, committed 7680K, reserved 516096K
}
Event: 29.039 GC heap after
{Heap after GC invocations=8 (full 0):
 garbage-first heap   total 256000K, used 44480K [0x0000000080000000, 0x0000000100000000)
  region size 1024K, 15 young (15360K), 15 survivors (15360K)
 Metaspace       used 53024K, capacity 54516K, committed 54856K, reserved 565248K
  class space    used 6923K, capacity 7557K, committed 7680K, reserved 516096K
}
Event: 30.329 GC heap before
{Heap before GC invocations=8 (full 0):
 garbage-first heap   total 256000K, used 103872K [0x0000000080000000, 0x0000000100000000)
  region size 1024K, 74 young (75776K), 15 survivors (15360K)
 Metaspace       used 58247K, capacity 59920K, committed 59976K, reserved 569344K
  class space    used 7697K, capacity 8447K, committed 8448K, reserved 516096K
}
Event: 30.344 GC heap after
{Heap after GC invocations=9 (full 0):
 garbage-first heap   total 256000K, used 46787K [0x0000000080000000, 0x0000000100000000)
  region size 1024K, 10 young (10240K), 10 survivors (10240K)
 Metaspace       used 58247K, capacity 59920K, committed 59976K, reserved 569344K
  class space    used 7697K, capacity 8447K, committed 8448K, reserved 516096K
}
Event: 33.314 GC heap before
{Heap before GC invocations=10 (full 0):
 garbage-first heap   total 256000K, used 186051K [0x0000000080000000, 0x0000000100000000)
  region size 1024K, 146 young (149504K), 10 survivors (10240K)
 Metaspace       used 67182K, capacity 69184K, committed 69320K, reserved 577536K
  class space    used 8906K, capacity 9743K, committed 9856K, reserved 516096K
}
Event: 33.333 GC heap after
{Heap after GC invocations=11 (full 0):
 garbage-first heap   total 256000K, used 53862K [0x0000000080000000, 0x0000000100000000)
  region size 1024K, 17 young (17408K), 17 survivors (17408K)
 Metaspace       used 67182K, capacity 69184K, committed 69320K, reserved 577536K
  class space    used 8906K, capacity 9743K, committed 9856K, reserved 516096K
}

