# JRE version: Java(TM) SE Runtime Environment 18.9 (11.0.17+10) (build 11.0.17+10-LTS-269)
# Java VM: Java HotSpot(TM) 64-Bit Server VM 18.9 (11.0.17+10-LTS-269, mixed mode, tiered, compressed oops, g1 gc, windows-amd64)
Heap:
 garbage-first heap   total 564224K, used 228833K [0x0000000080000000, 0x0000000100000000)
  region size 1024K, 3 young (3072K), 3 survivors (3072K)
 Metaspace       used 120168K, capacity 125697K, committed 126024K, reserved 624640K
  class space    used 15946K, capacity 18055K, committed 18176K, reserved 516096K
GC Heap History (10 events):
Event: 69.158 GC heap after
{Heap after GC invocations=59 (full 0):
 garbage-first heap   total 307200K, used 271209K [0x0000000080000000, 0x0000000100000000)
  region size 1024K, 2 young (2048K), 2 survivors (2048K)
 Metaspace       used 119484K, capacity 124963K, committed 125128K, reserved 624640K
  class space    used 15898K, capacity 18003K, committed 18048K, reserved 516096K
}
Event: 69.408 GC heap before
{Heap before GC invocations=59 (full 0):
 garbage-first heap   total 307200K, used 284521K [0x0000000080000000, 0x0000000100000000)
  region size 1024K, 15 young (15360K), 2 survivors (2048K)
 Metaspace       used 119527K, capacity 124971K, committed 125128K, reserved 624640K
  class space    used 15899K, capacity 18004K, committed 18048K, reserved 516096K
}
Event: 69.420 GC heap after
{Heap after GC invocations=60 (full 0):
 garbage-first heap   total 368640K, used 273936K [0x0000000080000000, 0x0000000100000000)
  region size 1024K, 2 young (2048K), 2 survivors (2048K)
 Metaspace       used 119527K, capacity 124971K, committed 125128K, reserved 624640K
  class space    used 15899K, capacity 18004K, committed 18048K, reserved 516096K
}
Event: 69.982 GC heap before
{Heap before GC invocations=61 (full 0):
 garbage-first heap   total 368640K, used 297488K [0x0000000080000000, 0x0000000100000000)
  region size 1024K, 26 young (26624K), 2 survivors (2048K)
 Metaspace       used 119631K, capacity 125163K, committed 125384K, reserved 624640K
  class space    used 15900K, capacity 18002K, committed 18048K, reserved 516096K
}
Event: 69.998 GC heap after
{Heap after GC invocations=62 (full 0):
 garbage-first heap   total 368640K, used 277630K [0x0000000080000000, 0x0000000100000000)
  region size 1024K, 4 young (4096K), 4 survivors (4096K)
 Metaspace       used 119631K, capacity 125163K, committed 125384K, reserved 624640K
  class space    used 15900K, capacity 18002K, committed 18048K, reserved 516096K
}
Event: 70.209 GC heap before
{Heap before GC invocations=62 (full 0):
 garbage-first heap   total 368640K, used 291966K [0x0000000080000000, 0x0000000100000000)
  region size 1024K, 18 young (18432K), 4 survivors (4096K)
 Metaspace       used 119791K, capacity 125192K, committed 125384K, reserved 624640K
  class space    used 15908K, capacity 18010K, committed 18048K, reserved 516096K
}
Event: 70.225 GC heap after
{Heap after GC invocations=63 (full 0):
 garbage-first heap   total 368640K, used 246483K [0x0000000080000000, 0x0000000100000000)
  region size 1024K, 3 young (3072K), 3 survivors (3072K)
 Metaspace       used 119791K, capacity 125192K, committed 125384K, reserved 624640K
  class space    used 15908K, capacity 18010K, committed 18048K, reserved 516096K
}
Event: 70.457 GC heap before
{Heap before GC invocations=63 (full 0):
 garbage-first heap   total 368640K, used 261843K [0x0000000080000000, 0x0000000100000000)
  region size 1024K, 18 young (18432K), 3 survivors (3072K)
 Metaspace       used 120011K, capacity 125518K, committed 125640K, reserved 624640K
  class space    used 15929K, capacity 18041K, committed 18048K, reserved 516096K
}
Event: 70.493 GC heap after
{Heap after GC invocations=64 (full 0):
 garbage-first heap   total 368640K, used 227899K [0x0000000080000000, 0x0000000100000000)
  region size 1024K, 3 young (3072K), 3 survivors (3072K)
 Metaspace       used 120011K, capacity 125518K, committed 125640K, reserved 624640K
  class space    used 15929K, capacity 18041K, committed 18048K, reserved 516096K
}
Event: 70.654 GC heap before
{Heap before GC invocations=64 (full 0):
 garbage-first heap   total 368640K, used 243259K [0x0000000080000000, 0x0000000100000000)
  region size 1024K, 18 young (18432K), 3 survivors (3072K)
 Metaspace       used 120168K, capacity 125697K, committed 126024K, reserved 624640K
  class space    used 15946K, capacity 18055K, committed 18176K, reserved 516096K
}

