# JRE version: Java(TM) SE Runtime Environment (17.0.10+11) (build 17.0.10+11-LTS-240)
# Java VM: Java HotSpot(TM) 64-Bit Server VM (17.0.10+11-LTS-240, mixed mode, sharing, tiered, compressed oops, compressed class ptrs, g1 gc, windows-amd64)
GC Precious Log:
 CPUs: 8 total, 8 available
 Memory: 15970M
 Large Page Support: Disabled
 NUMA Support: Disabled
 Compressed Oops: Enabled (32-bit)
 Heap Region Size: 1M
 Heap Min Capacity: 8M
 Heap Initial Capacity: 250M
 Heap Max Capacity: 2G
 Pre-touch: Disabled
 Parallel Workers: 8
 Concurrent Workers: 2
 Concurrent Refinement Workers: 8
 Periodic GC: Disabled
Heap:
 garbage-first heap   total 307200K, used 253152K [0x0000000080000000, 0x0000000100000000)
  region size 1024K, 39 young (39936K), 3 survivors (3072K)
 Metaspace       used 105437K, committed 106944K, reserved 557056K
  class space    used 14776K, committed 15488K, reserved 425984K
GC Heap History (20 events):
Event: 83.187 GC heap before
{Heap before GC invocations=72 (full 0):
 garbage-first heap   total 217088K, used 186191K [0x0000000080000000, 0x0000000100000000)
  region size 1024K, 18 young (18432K), 3 survivors (3072K)
 Metaspace       used 98169K, committed 99456K, reserved 557056K
  class space    used 13815K, committed 14400K, reserved 425984K
}
Event: 83.194 GC heap after
{Heap after GC invocations=73 (full 0):
 garbage-first heap   total 217088K, used 176899K [0x0000000080000000, 0x0000000100000000)
  region size 1024K, 3 young (3072K), 3 survivors (3072K)
 Metaspace       used 98169K, committed 99456K, reserved 557056K
  class space    used 13815K, committed 14400K, reserved 425984K
}
Event: 83.480 GC heap before
{Heap before GC invocations=73 (full 0):
 garbage-first heap   total 217088K, used 186115K [0x0000000080000000, 0x0000000100000000)
  region size 1024K, 12 young (12288K), 3 survivors (3072K)
 Metaspace       used 98368K, committed 99712K, reserved 557056K
  class space    used 13845K, committed 14464K, reserved 425984K
}
Event: 83.487 GC heap after
{Heap after GC invocations=74 (full 0):
 garbage-first heap   total 217088K, used 179781K [0x0000000080000000, 0x0000000100000000)
  region size 1024K, 2 young (2048K), 2 survivors (2048K)
 Metaspace       used 98368K, committed 99712K, reserved 557056K
  class space    used 13845K, committed 14464K, reserved 425984K
}
Event: 84.007 GC heap before
{Heap before GC invocations=75 (full 0):
 garbage-first heap   total 307200K, used 187973K [0x0000000080000000, 0x0000000100000000)
  region size 1024K, 10 young (10240K), 2 survivors (2048K)
 Metaspace       used 98423K, committed 99776K, reserved 557056K
  class space    used 13851K, committed 14464K, reserved 425984K
}
Event: 84.014 GC heap after
{Heap after GC invocations=76 (full 0):
 garbage-first heap   total 307200K, used 182005K [0x0000000080000000, 0x0000000100000000)
  region size 1024K, 2 young (2048K), 2 survivors (2048K)
 Metaspace       used 98423K, committed 99776K, reserved 557056K
  class space    used 13851K, committed 14464K, reserved 425984K
}
Event: 84.339 GC heap before
{Heap before GC invocations=76 (full 0):
 garbage-first heap   total 307200K, used 196341K [0x0000000080000000, 0x0000000100000000)
  region size 1024K, 15 young (15360K), 2 survivors (2048K)
 Metaspace       used 98581K, committed 99904K, reserved 557056K
  class space    used 13870K, committed 14464K, reserved 425984K
}
Event: 84.345 GC heap after
{Heap after GC invocations=77 (full 0):
 garbage-first heap   total 307200K, used 185602K [0x0000000080000000, 0x0000000100000000)
  region size 1024K, 2 young (2048K), 2 survivors (2048K)
 Metaspace       used 98581K, committed 99904K, reserved 557056K
  class space    used 13870K, committed 14464K, reserved 425984K
}
Event: 85.670 GC heap before
{Heap before GC invocations=77 (full 0):
 garbage-first heap   total 307200K, used 238850K [0x0000000080000000, 0x0000000100000000)
  region size 1024K, 54 young (55296K), 2 survivors (2048K)
 Metaspace       used 101386K, committed 102848K, reserved 557056K
  class space    used 14306K, committed 14976K, reserved 425984K
}
Event: 85.682 GC heap after
{Heap after GC invocations=78 (full 0):
 garbage-first heap   total 307200K, used 191704K [0x0000000080000000, 0x0000000100000000)
  region size 1024K, 7 young (7168K), 7 survivors (7168K)
 Metaspace       used 101386K, committed 102848K, reserved 557056K
  class space    used 14306K, committed 14976K, reserved 425984K
}
Event: 87.415 GC heap before
{Heap before GC invocations=78 (full 0):
 garbage-first heap   total 307200K, used 243928K [0x0000000080000000, 0x0000000100000000)
  region size 1024K, 58 young (59392K), 7 survivors (7168K)
 Metaspace       used 103398K, committed 104896K, reserved 557056K
  class space    used 14537K, committed 15232K, reserved 425984K
}
Event: 87.442 GC heap after
{Heap after GC invocations=79 (full 0):
 garbage-first heap   total 307200K, used 199908K [0x0000000080000000, 0x0000000100000000)
  region size 1024K, 8 young (8192K), 8 survivors (8192K)
 Metaspace       used 103398K, committed 104896K, reserved 557056K
  class space    used 14537K, committed 15232K, reserved 425984K
}
Event: 88.843 GC heap before
{Heap before GC invocations=79 (full 0):
 garbage-first heap   total 307200K, used 248036K [0x0000000080000000, 0x0000000100000000)
  region size 1024K, 55 young (56320K), 8 survivors (8192K)
 Metaspace       used 103855K, committed 105280K, reserved 557056K
  class space    used 14569K, committed 15232K, reserved 425984K
}
Event: 88.864 GC heap after
{Heap after GC invocations=80 (full 0):
 garbage-first heap   total 307200K, used 205807K [0x0000000080000000, 0x0000000100000000)
  region size 1024K, 6 young (6144K), 6 survivors (6144K)
 Metaspace       used 103855K, committed 105280K, reserved 557056K
  class space    used 14569K, committed 15232K, reserved 425984K
}
Event: 89.790 GC heap before
{Heap before GC invocations=80 (full 0):
 garbage-first heap   total 307200K, used 251887K [0x0000000080000000, 0x0000000100000000)
  region size 1024K, 51 young (52224K), 6 survivors (6144K)
 Metaspace       used 104046K, committed 105600K, reserved 557056K
  class space    used 14584K, committed 15296K, reserved 425984K
}
Event: 89.800 GC heap after
{Heap after GC invocations=81 (full 0):
 garbage-first heap   total 307200K, used 210454K [0x0000000080000000, 0x0000000100000000)
  region size 1024K, 5 young (5120K), 5 survivors (5120K)
 Metaspace       used 104046K, committed 105600K, reserved 557056K
  class space    used 14584K, committed 15296K, reserved 425984K
}
Event: 90.530 GC heap before
{Heap before GC invocations=81 (full 0):
 garbage-first heap   total 307200K, used 255510K [0x0000000080000000, 0x0000000100000000)
  region size 1024K, 49 young (50176K), 5 survivors (5120K)
 Metaspace       used 104415K, committed 105920K, reserved 557056K
  class space    used 14618K, committed 15296K, reserved 425984K
}
Event: 90.544 GC heap after
{Heap after GC invocations=82 (full 0):
 garbage-first heap   total 307200K, used 215948K [0x0000000080000000, 0x0000000100000000)
  region size 1024K, 6 young (6144K), 6 survivors (6144K)
 Metaspace       used 104415K, committed 105920K, reserved 557056K
  class space    used 14618K, committed 15296K, reserved 425984K
}
Event: 91.570 GC heap before
{Heap before GC invocations=82 (full 0):
 garbage-first heap   total 307200K, used 256908K [0x0000000080000000, 0x0000000100000000)
  region size 1024K, 47 young (48128K), 6 survivors (6144K)
 Metaspace       used 105183K, committed 106752K, reserved 557056K
  class space    used 14750K, committed 15488K, reserved 425984K
}
Event: 91.581 GC heap after
{Heap after GC invocations=83 (full 0):
 garbage-first heap   total 307200K, used 218336K [0x0000000080000000, 0x0000000100000000)
  region size 1024K, 3 young (3072K), 3 survivors (3072K)
 Metaspace       used 105183K, committed 106752K, reserved 557056K
  class space    used 14750K, committed 15488K, reserved 425984K
}

